d:\classes\2020-spring-semester4\job\example\test1.1\src\car\debug\vc141.pdb
d:\classes\2020-spring-semester4\job\example\test1.1\src\car\debug\vc141.idb
d:\classes\2020-spring-semester4\job\example\test1.1\src\car\debug\wheel.obj
d:\classes\2020-spring-semester4\job\example\test1.1\src\car\debug\textureclass.obj
d:\classes\2020-spring-semester4\job\example\test1.1\src\car\debug\skybox.obj
d:\classes\2020-spring-semester4\job\example\test1.1\src\car\debug\shadowshader.obj
d:\classes\2020-spring-semester4\job\example\test1.1\src\car\debug\rendertexture.obj
d:\classes\2020-spring-semester4\job\example\test1.1\src\car\debug\objectgenerator.obj
d:\classes\2020-spring-semester4\job\example\test1.1\src\car\debug\modelclass.obj
d:\classes\2020-spring-semester4\job\example\test1.1\src\car\debug\main.obj
d:\classes\2020-spring-semester4\job\example\test1.1\src\car\debug\lightshaderclass.obj
d:\classes\2020-spring-semester4\job\example\test1.1\src\car\debug\lightclass.obj
d:\classes\2020-spring-semester4\job\example\test1.1\src\car\debug\inputclass.obj
d:\classes\2020-spring-semester4\job\example\test1.1\src\car\debug\ground.obj
d:\classes\2020-spring-semester4\job\example\test1.1\src\car\debug\graphicclass.obj
d:\classes\2020-spring-semester4\job\example\test1.1\src\car\debug\gamedemo.obj
d:\classes\2020-spring-semester4\job\example\test1.1\src\car\debug\depthshader.obj
d:\classes\2020-spring-semester4\job\example\test1.1\src\car\debug\d3dclass.obj
d:\classes\2020-spring-semester4\job\example\test1.1\src\car\debug\carstatus.obj
d:\classes\2020-spring-semester4\job\example\test1.1\src\car\debug\car.obj
d:\classes\2020-spring-semester4\job\example\test1.1\src\car\debug\cameraclass.obj
d:\classes\2020-spring-semester4\job\example\test1.1\src\debug\car.ilk
d:\classes\2020-spring-semester4\job\example\test1.1\src\debug\car.exe
d:\classes\2020-spring-semester4\job\example\test1.1\src\debug\car.pdb
d:\classes\2020-spring-semester4\job\example\cardemo\src\car\debug\cameraclass.obj
d:\classes\2020-spring-semester4\job\example\cardemo\src\car\debug\car.obj
d:\classes\2020-spring-semester4\job\example\cardemo\src\car\debug\carstatus.obj
d:\classes\2020-spring-semester4\job\example\cardemo\src\car\debug\d3dclass.obj
d:\classes\2020-spring-semester4\job\example\cardemo\src\car\debug\depthshader.obj
d:\classes\2020-spring-semester4\job\example\cardemo\src\car\debug\gamedemo.obj
d:\classes\2020-spring-semester4\job\example\cardemo\src\car\debug\graphicclass.obj
d:\classes\2020-spring-semester4\job\example\cardemo\src\car\debug\ground.obj
d:\classes\2020-spring-semester4\job\example\cardemo\src\car\debug\inputclass.obj
d:\classes\2020-spring-semester4\job\example\cardemo\src\car\debug\lightclass.obj
d:\classes\2020-spring-semester4\job\example\cardemo\src\car\debug\lightshaderclass.obj
d:\classes\2020-spring-semester4\job\example\cardemo\src\car\debug\main.obj
d:\classes\2020-spring-semester4\job\example\cardemo\src\car\debug\modelclass.obj
d:\classes\2020-spring-semester4\job\example\cardemo\src\car\debug\objectgenerator.obj
d:\classes\2020-spring-semester4\job\example\cardemo\src\car\debug\rendertexture.obj
d:\classes\2020-spring-semester4\job\example\cardemo\src\car\debug\shadowshader.obj
d:\classes\2020-spring-semester4\job\example\cardemo\src\car\debug\skybox.obj
d:\classes\2020-spring-semester4\job\example\cardemo\src\car\debug\textureclass.obj
d:\classes\2020-spring-semester4\job\example\cardemo\src\car\debug\wheel.obj
d:\classes\2020-spring-semester4\job\example\cardemo\src\car\debug\vc141.idb
d:\classes\2020-spring-semester4\job\example\cardemo\src\car\debug\vc141.pdb
d:\classes\2020-spring-semester4\job\example\cardemo\src\debug\car.pdb
d:\classes\2020-spring-semester4\job\example\cardemo\src\debug\car.exe
d:\classes\2020-spring-semester4\job\example\cardemo\src\debug\car.ilk
d:\classes\2020-spring-semester4\job\example\cardemo\src\car\debug\car.tlog\cl.command.1.tlog
d:\classes\2020-spring-semester4\job\example\cardemo\src\car\debug\car.tlog\cl.read.1.tlog
d:\classes\2020-spring-semester4\job\example\cardemo\src\car\debug\car.tlog\cl.write.1.tlog
d:\classes\2020-spring-semester4\job\example\cardemo\src\car\debug\car.tlog\link.command.1.tlog
d:\classes\2020-spring-semester4\job\example\cardemo\src\car\debug\car.tlog\link.read.1.tlog
d:\classes\2020-spring-semester4\job\example\cardemo\src\car\debug\car.tlog\link.write.1.tlog
